[2018-09-13 14:07:33.703] [exthost1] [info] extension host started
[2018-09-13 14:07:33.895] [exthost1] [info] ExtensionService#_doActivateExtension vscode.emmet {"startup":true,"activationEvent":"*"}
[2018-09-13 14:07:33.896] [exthost1] [info] ExtensionService#loadCommonJSModule c:\Users\JIAN_J\.codemix\engine\resources\app\extensions\emmet\out\extension
[2018-09-13 14:07:34.327] [exthost1] [info] ExtensionService#_doActivateExtension vscode.git {"startup":true,"activationEvent":"*"}
[2018-09-13 14:07:34.327] [exthost1] [info] ExtensionService#loadCommonJSModule c:\Users\JIAN_J\.codemix\engine\resources\app\extensions\git\out\main
[2018-09-13 14:07:35.195] [exthost1] [info] ExtensionService#_doActivateExtension vscode.merge-conflict {"startup":true,"activationEvent":"*"}
[2018-09-13 14:07:35.195] [exthost1] [info] ExtensionService#loadCommonJSModule c:\Users\JIAN_J\.codemix\engine\resources\app\extensions\merge-conflict\out\extension
[2018-09-13 14:07:35.269] [exthost1] [info] ExtensionService#_doActivateExtension vscode.search-rg {"startup":true,"activationEvent":"*"}
[2018-09-13 14:07:35.269] [exthost1] [info] ExtensionService#loadCommonJSModule c:\Users\JIAN_J\.codemix\engine\resources\app\extensions\search-rg\out\extension
[2018-09-13 14:07:35.288] [exthost1] [info] ExtensionService#_doActivateExtension christian-kohler.path-intellisense {"startup":true,"activationEvent":"*"}
[2018-09-13 14:07:35.288] [exthost1] [info] ExtensionService#loadCommonJSModule C:\Users\JIAN_J\.vscode\extensions\christian-kohler.path-intellisense-1.4.2\out\src\extension
[2018-09-13 14:07:35.345] [exthost1] [info] ExtensionService#_doActivateExtension dbaeumer.vscode-eslint {"startup":true,"activationEvent":"*"}
[2018-09-13 14:07:35.345] [exthost1] [info] ExtensionService#loadCommonJSModule C:\Users\JIAN_J\.vscode\extensions\dbaeumer.vscode-eslint-1.4.10\client\out\extension
[2018-09-13 14:07:35.581] [exthost1] [info] ExtensionService#_doActivateExtension formulahendry.auto-close-tag {"startup":true,"activationEvent":"*"}
[2018-09-13 14:07:35.581] [exthost1] [info] ExtensionService#loadCommonJSModule C:\Users\JIAN_J\.vscode\extensions\formulahendry.auto-close-tag-0.5.6\out\src\extension
[2018-09-13 14:07:35.589] [exthost1] [info] eager extensions activated
[2018-09-13 14:07:37.632] [exthost1] [info] extension host started
[2018-09-13 14:07:37.770] [exthost1] [info] ExtensionService#_doActivateExtension vscode.emmet {"startup":true,"activationEvent":"*"}
[2018-09-13 14:07:37.770] [exthost1] [info] ExtensionService#loadCommonJSModule c:\Users\JIAN_J\.codemix\engine\resources\app\extensions\emmet\out\extension
[2018-09-13 14:07:38.077] [exthost1] [info] ExtensionService#_doActivateExtension vscode.git {"startup":true,"activationEvent":"*"}
[2018-09-13 14:07:38.077] [exthost1] [info] ExtensionService#loadCommonJSModule c:\Users\JIAN_J\.codemix\engine\resources\app\extensions\git\out\main
[2018-09-13 14:07:38.746] [exthost1] [info] ExtensionService#_doActivateExtension vscode.merge-conflict {"startup":true,"activationEvent":"*"}
[2018-09-13 14:07:38.746] [exthost1] [info] ExtensionService#loadCommonJSModule c:\Users\JIAN_J\.codemix\engine\resources\app\extensions\merge-conflict\out\extension
[2018-09-13 14:07:38.797] [exthost1] [info] ExtensionService#_doActivateExtension vscode.search-rg {"startup":true,"activationEvent":"*"}
[2018-09-13 14:07:38.797] [exthost1] [info] ExtensionService#loadCommonJSModule c:\Users\JIAN_J\.codemix\engine\resources\app\extensions\search-rg\out\extension
[2018-09-13 14:07:38.817] [exthost1] [info] ExtensionService#_doActivateExtension christian-kohler.path-intellisense {"startup":true,"activationEvent":"*"}
[2018-09-13 14:07:38.817] [exthost1] [info] ExtensionService#loadCommonJSModule C:\Users\JIAN_J\.vscode\extensions\christian-kohler.path-intellisense-1.4.2\out\src\extension
[2018-09-13 14:07:38.853] [exthost1] [info] ExtensionService#_doActivateExtension dbaeumer.vscode-eslint {"startup":true,"activationEvent":"*"}
[2018-09-13 14:07:38.853] [exthost1] [info] ExtensionService#loadCommonJSModule C:\Users\JIAN_J\.vscode\extensions\dbaeumer.vscode-eslint-1.4.10\client\out\extension
[2018-09-13 14:07:39.002] [exthost1] [info] ExtensionService#_doActivateExtension formulahendry.auto-close-tag {"startup":true,"activationEvent":"*"}
[2018-09-13 14:07:39.002] [exthost1] [info] ExtensionService#loadCommonJSModule C:\Users\JIAN_J\.vscode\extensions\formulahendry.auto-close-tag-0.5.6\out\src\extension
[2018-09-13 14:07:39.008] [exthost1] [info] eager extensions activated
[2018-09-13 14:07:39.009] [exthost1] [info] ExtensionService#_doActivateExtension vscode.configuration-editing {"startup":false,"activationEvent":"onLanguage:jsonc"}
[2018-09-13 14:07:39.009] [exthost1] [info] ExtensionService#loadCommonJSModule c:\Users\JIAN_J\.codemix\engine\resources\app\extensions\configuration-editing\out\extension
[2018-09-13 14:07:39.040] [exthost1] [info] ExtensionService#_doActivateExtension vscode.json-language-features {"startup":false,"activationEvent":"onLanguage:jsonc"}
[2018-09-13 14:07:39.041] [exthost1] [info] ExtensionService#loadCommonJSModule c:\Users\JIAN_J\.codemix\engine\resources\app\extensions\json-language-features\client\out\jsonMain
[2018-09-13 14:13:21.810] [exthost1] [info] ExtensionService#_doActivateExtension vscode.extension-editing {"startup":false,"activationEvent":"onLanguage:markdown"}
[2018-09-13 14:13:21.810] [exthost1] [info] ExtensionService#loadCommonJSModule c:\Users\JIAN_J\.codemix\engine\resources\app\extensions\extension-editing\out\extension
[2018-09-13 14:13:21.847] [exthost1] [info] ExtensionService#_doActivateExtension vscode.markdown-language-features {"startup":false,"activationEvent":"onLanguage:markdown"}
[2018-09-13 14:13:21.847] [exthost1] [info] ExtensionService#loadCommonJSModule c:\Users\JIAN_J\.codemix\engine\resources\app\extensions\markdown-language-features\out\extension
