[2018-09-14 08:48:17.677] [exthost1] [info] extension host started
[2018-09-14 08:48:17.797] [exthost1] [info] ExtensionService#_doActivateExtension vscode.emmet {"startup":true,"activationEvent":"*"}
[2018-09-14 08:48:17.797] [exthost1] [info] ExtensionService#loadCommonJSModule c:\Users\JIAN_J\.codemix\engine\resources\app\extensions\emmet\out\extension
[2018-09-14 08:48:18.211] [exthost1] [info] ExtensionService#_doActivateExtension vscode.git {"startup":true,"activationEvent":"*"}
[2018-09-14 08:48:18.211] [exthost1] [info] ExtensionService#loadCommonJSModule c:\Users\JIAN_J\.codemix\engine\resources\app\extensions\git\out\main
[2018-09-14 08:48:18.984] [exthost1] [info] ExtensionService#_doActivateExtension vscode.merge-conflict {"startup":true,"activationEvent":"*"}
[2018-09-14 08:48:18.984] [exthost1] [info] ExtensionService#loadCommonJSModule c:\Users\JIAN_J\.codemix\engine\resources\app\extensions\merge-conflict\out\extension
[2018-09-14 08:48:19.031] [exthost1] [info] ExtensionService#_doActivateExtension vscode.search-rg {"startup":true,"activationEvent":"*"}
[2018-09-14 08:48:19.031] [exthost1] [info] ExtensionService#loadCommonJSModule c:\Users\JIAN_J\.codemix\engine\resources\app\extensions\search-rg\out\extension
[2018-09-14 08:48:19.052] [exthost1] [info] ExtensionService#_doActivateExtension christian-kohler.path-intellisense {"startup":true,"activationEvent":"*"}
[2018-09-14 08:48:19.052] [exthost1] [info] ExtensionService#loadCommonJSModule C:\Users\JIAN_J\.vscode\extensions\christian-kohler.path-intellisense-1.4.2\out\src\extension
[2018-09-14 08:48:19.096] [exthost1] [info] ExtensionService#_doActivateExtension dbaeumer.vscode-eslint {"startup":true,"activationEvent":"*"}
[2018-09-14 08:48:19.096] [exthost1] [info] ExtensionService#loadCommonJSModule C:\Users\JIAN_J\.vscode\extensions\dbaeumer.vscode-eslint-1.4.10\client\out\extension
[2018-09-14 08:48:19.549] [exthost1] [info] ExtensionService#_doActivateExtension formulahendry.auto-close-tag {"startup":true,"activationEvent":"*"}
[2018-09-14 08:48:19.549] [exthost1] [info] ExtensionService#loadCommonJSModule C:\Users\JIAN_J\.vscode\extensions\formulahendry.auto-close-tag-0.5.6\out\src\extension
[2018-09-14 08:48:19.554] [exthost1] [info] eager extensions activated
[2018-09-14 08:48:19.555] [exthost1] [info] ExtensionService#_doActivateExtension vscode.configuration-editing {"startup":false,"activationEvent":"onLanguage:jsonc"}
[2018-09-14 08:48:19.555] [exthost1] [info] ExtensionService#loadCommonJSModule c:\Users\JIAN_J\.codemix\engine\resources\app\extensions\configuration-editing\out\extension
[2018-09-14 08:48:19.635] [exthost1] [info] ExtensionService#_doActivateExtension vscode.json-language-features {"startup":false,"activationEvent":"onLanguage:jsonc"}
[2018-09-14 08:48:19.635] [exthost1] [info] ExtensionService#loadCommonJSModule c:\Users\JIAN_J\.codemix\engine\resources\app\extensions\json-language-features\client\out\jsonMain
