[2018-09-17 08:58:14.042] [exthost1] [info] extension host started
[2018-09-17 08:58:14.106] [exthost1] [info] ExtensionService#_doActivateExtension vscode.emmet {"startup":true,"activationEvent":"*"}
[2018-09-17 08:58:14.107] [exthost1] [info] ExtensionService#loadCommonJSModule c:\Users\JIAN_J\.codemix\engine\resources\app\extensions\emmet\out\extension
[2018-09-17 08:58:15.576] [exthost1] [info] ExtensionService#_doActivateExtension vscode.git {"startup":true,"activationEvent":"*"}
[2018-09-17 08:58:15.576] [exthost1] [info] ExtensionService#loadCommonJSModule c:\Users\JIAN_J\.codemix\engine\resources\app\extensions\git\out\main
[2018-09-17 08:58:34.852] [exthost1] [info] ExtensionService#_doActivateExtension vscode.merge-conflict {"startup":true,"activationEvent":"*"}
[2018-09-17 08:58:34.852] [exthost1] [info] ExtensionService#loadCommonJSModule c:\Users\JIAN_J\.codemix\engine\resources\app\extensions\merge-conflict\out\extension
[2018-09-17 08:58:35.535] [exthost1] [info] ExtensionService#_doActivateExtension vscode.search-rg {"startup":true,"activationEvent":"*"}
[2018-09-17 08:58:35.535] [exthost1] [info] ExtensionService#loadCommonJSModule c:\Users\JIAN_J\.codemix\engine\resources\app\extensions\search-rg\out\extension
[2018-09-17 08:58:35.722] [exthost1] [info] ExtensionService#_doActivateExtension christian-kohler.path-intellisense {"startup":true,"activationEvent":"*"}
[2018-09-17 08:58:35.722] [exthost1] [info] ExtensionService#loadCommonJSModule C:\Users\JIAN_J\.vscode\extensions\christian-kohler.path-intellisense-1.4.2\out\src\extension
[2018-09-17 08:58:36.113] [exthost1] [info] ExtensionService#_doActivateExtension dbaeumer.vscode-eslint {"startup":true,"activationEvent":"*"}
[2018-09-17 08:58:36.113] [exthost1] [info] ExtensionService#loadCommonJSModule C:\Users\JIAN_J\.vscode\extensions\dbaeumer.vscode-eslint-1.4.10\client\out\extension
[2018-09-17 08:58:38.192] [exthost1] [info] ExtensionService#_doActivateExtension formulahendry.auto-close-tag {"startup":true,"activationEvent":"*"}
[2018-09-17 08:58:38.192] [exthost1] [info] ExtensionService#loadCommonJSModule C:\Users\JIAN_J\.vscode\extensions\formulahendry.auto-close-tag-0.5.6\out\src\extension
[2018-09-17 08:58:38.226] [exthost1] [info] eager extensions activated
[2018-09-17 08:58:38.235] [exthost1] [info] ExtensionService#_doActivateExtension vscode.configuration-editing {"startup":false,"activationEvent":"onLanguage:jsonc"}
[2018-09-17 08:58:38.235] [exthost1] [info] ExtensionService#loadCommonJSModule c:\Users\JIAN_J\.codemix\engine\resources\app\extensions\configuration-editing\out\extension
[2018-09-17 08:58:38.470] [exthost1] [info] ExtensionService#_doActivateExtension vscode.json-language-features {"startup":false,"activationEvent":"onLanguage:jsonc"}
[2018-09-17 08:58:38.470] [exthost1] [info] ExtensionService#loadCommonJSModule c:\Users\JIAN_J\.codemix\engine\resources\app\extensions\json-language-features\client\out\jsonMain
